# JRE version: OpenJDK Runtime Environment Temurin-17.0.9+9 (17.0.9+9) (build 17.0.9+9)
# Java VM: OpenJDK 64-Bit Server VM Temurin-17.0.9+9 (17.0.9+9, mixed mode, tiered, compressed oops, compressed class ptrs, g1 gc, windows-amd64)
GC Precious Log:
 CPUs: 8 total, 8 available
 Memory: 7810M
 Large Page Support: Disabled
 NUMA Support: Disabled
 Compressed Oops: Enabled (32-bit)
 Heap Region Size: 1M
 Heap Min Capacity: 8M
 Heap Initial Capacity: 124M
 Heap Max Capacity: 1954M
 Pre-touch: Disabled
 Parallel Workers: 8
 Concurrent Workers: 2
 Concurrent Refinement Workers: 8
 Periodic GC: Disabled
Heap:
 garbage-first heap   total 40960K, used 31011K [0x0000000085e00000, 0x0000000100000000)
  region size 1024K, 14 young (14336K), 2 survivors (2048K)
 Metaspace       used 38602K, committed 39040K, reserved 1114112K
  class space    used 4786K, committed 4992K, reserved 1048576K
GC Heap History (20 events):
Event: 2.533 GC heap before
{Heap before GC invocations=0 (full 0):
 garbage-first heap   total 126976K, used 23552K [0x0000000085e00000, 0x0000000100000000)
  region size 1024K, 23 young (23552K), 0 survivors (0K)
 Metaspace       used 15216K, committed 15424K, reserved 1114112K
  class space    used 1683K, committed 1792K, reserved 1048576K
}
Event: 2.552 GC heap after
{Heap after GC invocations=1 (full 0):
 garbage-first heap   total 126976K, used 7930K [0x0000000085e00000, 0x0000000100000000)
  region size 1024K, 3 young (3072K), 3 survivors (3072K)
 Metaspace       used 15216K, committed 15424K, reserved 1114112K
  class space    used 1683K, committed 1792K, reserved 1048576K
}
Event: 4.297 GC heap before
{Heap before GC invocations=1 (full 0):
 garbage-first heap   total 126976K, used 30458K [0x0000000085e00000, 0x0000000100000000)
  region size 1024K, 26 young (26624K), 3 survivors (3072K)
 Metaspace       used 20510K, committed 20800K, reserved 1114112K
  class space    used 2380K, committed 2496K, reserved 1048576K
}
Event: 4.302 GC heap after
{Heap after GC invocations=2 (full 0):
 garbage-first heap   total 126976K, used 9787K [0x0000000085e00000, 0x0000000100000000)
  region size 1024K, 2 young (2048K), 2 survivors (2048K)
 Metaspace       used 20510K, committed 20800K, reserved 1114112K
  class space    used 2380K, committed 2496K, reserved 1048576K
}
Event: 4.382 GC heap before
{Heap before GC invocations=2 (full 0):
 garbage-first heap   total 126976K, used 11835K [0x0000000085e00000, 0x0000000100000000)
  region size 1024K, 6 young (6144K), 2 survivors (2048K)
 Metaspace       used 21254K, committed 21504K, reserved 1114112K
  class space    used 2457K, committed 2560K, reserved 1048576K
}
Event: 4.385 GC heap after
{Heap after GC invocations=3 (full 0):
 garbage-first heap   total 126976K, used 9714K [0x0000000085e00000, 0x0000000100000000)
  region size 1024K, 2 young (2048K), 2 survivors (2048K)
 Metaspace       used 21254K, committed 21504K, reserved 1114112K
  class space    used 2457K, committed 2560K, reserved 1048576K
}
Event: 5.341 GC heap before
{Heap before GC invocations=4 (full 0):
 garbage-first heap   total 40960K, used 30194K [0x0000000085e00000, 0x0000000100000000)
  region size 1024K, 24 young (24576K), 2 survivors (2048K)
 Metaspace       used 26489K, committed 26880K, reserved 1114112K
  class space    used 3143K, committed 3328K, reserved 1048576K
}
Event: 5.346 GC heap after
{Heap after GC invocations=5 (full 0):
 garbage-first heap   total 40960K, used 11328K [0x0000000085e00000, 0x0000000100000000)
  region size 1024K, 4 young (4096K), 4 survivors (4096K)
 Metaspace       used 26489K, committed 26880K, reserved 1114112K
  class space    used 3143K, committed 3328K, reserved 1048576K
}
Event: 6.474 GC heap before
{Heap before GC invocations=6 (full 0):
 garbage-first heap   total 40960K, used 27712K [0x0000000085e00000, 0x0000000100000000)
  region size 1024K, 21 young (21504K), 4 survivors (4096K)
 Metaspace       used 28199K, committed 28480K, reserved 1114112K
  class space    used 3322K, committed 3456K, reserved 1048576K
}
Event: 6.481 GC heap after
{Heap after GC invocations=7 (full 0):
 garbage-first heap   total 40960K, used 13401K [0x0000000085e00000, 0x0000000100000000)
  region size 1024K, 3 young (3072K), 3 survivors (3072K)
 Metaspace       used 28199K, committed 28480K, reserved 1114112K
  class space    used 3322K, committed 3456K, reserved 1048576K
}
Event: 7.650 GC heap before
{Heap before GC invocations=7 (full 0):
 garbage-first heap   total 40960K, used 28761K [0x0000000085e00000, 0x0000000100000000)
  region size 1024K, 18 young (18432K), 3 survivors (3072K)
 Metaspace       used 29159K, committed 29504K, reserved 1114112K
  class space    used 3436K, committed 3584K, reserved 1048576K
}
Event: 7.653 GC heap after
{Heap after GC invocations=8 (full 0):
 garbage-first heap   total 40960K, used 14573K [0x0000000085e00000, 0x0000000100000000)
  region size 1024K, 2 young (2048K), 2 survivors (2048K)
 Metaspace       used 29159K, committed 29504K, reserved 1114112K
  class space    used 3436K, committed 3584K, reserved 1048576K
}
Event: 8.673 GC heap before
{Heap before GC invocations=8 (full 0):
 garbage-first heap   total 40960K, used 29933K [0x0000000085e00000, 0x0000000100000000)
  region size 1024K, 17 young (17408K), 2 survivors (2048K)
 Metaspace       used 30816K, committed 31168K, reserved 1114112K
  class space    used 3663K, committed 3840K, reserved 1048576K
}
Event: 8.677 GC heap after
{Heap after GC invocations=9 (full 0):
 garbage-first heap   total 40960K, used 15457K [0x0000000085e00000, 0x0000000100000000)
  region size 1024K, 3 young (3072K), 3 survivors (3072K)
 Metaspace       used 30816K, committed 31168K, reserved 1114112K
  class space    used 3663K, committed 3840K, reserved 1048576K
}
Event: 9.908 GC heap before
{Heap before GC invocations=9 (full 0):
 garbage-first heap   total 40960K, used 30817K [0x0000000085e00000, 0x0000000100000000)
  region size 1024K, 18 young (18432K), 3 survivors (3072K)
 Metaspace       used 32430K, committed 32768K, reserved 1114112K
  class space    used 3910K, committed 4096K, reserved 1048576K
}
Event: 9.914 GC heap after
{Heap after GC invocations=10 (full 0):
 garbage-first heap   total 40960K, used 16741K [0x0000000085e00000, 0x0000000100000000)
  region size 1024K, 3 young (3072K), 3 survivors (3072K)
 Metaspace       used 32430K, committed 32768K, reserved 1114112K
  class space    used 3910K, committed 4096K, reserved 1048576K
}
Event: 11.338 GC heap before
{Heap before GC invocations=10 (full 0):
 garbage-first heap   total 40960K, used 31077K [0x0000000085e00000, 0x0000000100000000)
  region size 1024K, 17 young (17408K), 3 survivors (3072K)
 Metaspace       used 34930K, committed 35328K, reserved 1114112K
  class space    used 4284K, committed 4480K, reserved 1048576K
}
Event: 11.347 GC heap after
{Heap after GC invocations=11 (full 0):
 garbage-first heap   total 40960K, used 18274K [0x0000000085e00000, 0x0000000100000000)
  region size 1024K, 3 young (3072K), 3 survivors (3072K)
 Metaspace       used 34930K, committed 35328K, reserved 1114112K
  class space    used 4284K, committed 4480K, reserved 1048576K
}
Event: 12.340 GC heap before
{Heap before GC invocations=11 (full 0):
 garbage-first heap   total 40960K, used 30562K [0x0000000085e00000, 0x0000000100000000)
  region size 1024K, 16 young (16384K), 3 survivors (3072K)
 Metaspace       used 36999K, committed 37440K, reserved 1114112K
  class space    used 4575K, committed 4800K, reserved 1048576K
}
Event: 12.347 GC heap after
{Heap after GC invocations=12 (full 0):
 garbage-first heap   total 40960K, used 19747K [0x0000000085e00000, 0x0000000100000000)
  region size 1024K, 2 young (2048K), 2 survivors (2048K)
 Metaspace       used 36999K, committed 37440K, reserved 1114112K
  class space    used 4575K, committed 4800K, reserved 1048576K
}

