# JRE version: OpenJDK Runtime Environment Temurin-17.0.10+7 (17.0.10+7) (build 17.0.10+7)
# Java VM: OpenJDK 64-Bit Server VM Temurin-17.0.10+7 (17.0.10+7, mixed mode, emulated-client, tiered, compressed oops, compressed class ptrs, g1 gc, windows-amd64)
GC Precious Log:
 CPUs: 8 total, 8 available
 Memory: 7810M
 Large Page Support: Disabled
 NUMA Support: Disabled
 Compressed Oops: Enabled (32-bit)
 Heap Region Size: 1M
 Heap Min Capacity: 8M
 Heap Initial Capacity: 124M
 Heap Max Capacity: 1G
 Pre-touch: Disabled
 Parallel Workers: 8
 Concurrent Workers: 2
 Concurrent Refinement Workers: 8
 Periodic GC: Disabled
Heap:
 garbage-first heap   total 75776K, used 24837K [0x00000000c0000000, 0x0000000100000000)
  region size 1024K, 1 young (1024K), 0 survivors (0K)
 Metaspace       used 39389K, committed 39936K, reserved 1114112K
  class space    used 5200K, committed 5440K, reserved 1048576K
GC Heap History (20 events):
Event: 126.655 GC heap before
{Heap before GC invocations=15 (full 6):
 garbage-first heap   total 75776K, used 24837K [0x00000000c0000000, 0x0000000100000000)
  region size 1024K, 1 young (1024K), 0 survivors (0K)
 Metaspace       used 39389K, committed 39936K, reserved 1114112K
  class space    used 5200K, committed 5440K, reserved 1048576K
}
Event: 126.702 GC heap after
{Heap after GC invocations=16 (full 7):
 garbage-first heap   total 75776K, used 24837K [0x00000000c0000000, 0x0000000100000000)
  region size 1024K, 0 young (0K), 0 survivors (0K)
 Metaspace       used 39389K, committed 39936K, reserved 1114112K
  class space    used 5200K, committed 5440K, reserved 1048576K
}
Event: 137.708 GC heap before
{Heap before GC invocations=16 (full 7):
 garbage-first heap   total 75776K, used 24837K [0x00000000c0000000, 0x0000000100000000)
  region size 1024K, 1 young (1024K), 0 survivors (0K)
 Metaspace       used 39389K, committed 39936K, reserved 1114112K
  class space    used 5200K, committed 5440K, reserved 1048576K
}
Event: 137.749 GC heap after
{Heap after GC invocations=17 (full 8):
 garbage-first heap   total 75776K, used 24837K [0x00000000c0000000, 0x0000000100000000)
  region size 1024K, 0 young (0K), 0 survivors (0K)
 Metaspace       used 39389K, committed 39936K, reserved 1114112K
  class space    used 5200K, committed 5440K, reserved 1048576K
}
Event: 149.488 GC heap before
{Heap before GC invocations=17 (full 8):
 garbage-first heap   total 75776K, used 24837K [0x00000000c0000000, 0x0000000100000000)
  region size 1024K, 1 young (1024K), 0 survivors (0K)
 Metaspace       used 39389K, committed 39936K, reserved 1114112K
  class space    used 5200K, committed 5440K, reserved 1048576K
}
Event: 149.514 GC heap after
{Heap after GC invocations=18 (full 9):
 garbage-first heap   total 75776K, used 24837K [0x00000000c0000000, 0x0000000100000000)
  region size 1024K, 0 young (0K), 0 survivors (0K)
 Metaspace       used 39389K, committed 39936K, reserved 1114112K
  class space    used 5200K, committed 5440K, reserved 1048576K
}
Event: 160.958 GC heap before
{Heap before GC invocations=18 (full 9):
 garbage-first heap   total 75776K, used 24837K [0x00000000c0000000, 0x0000000100000000)
  region size 1024K, 1 young (1024K), 0 survivors (0K)
 Metaspace       used 39389K, committed 39936K, reserved 1114112K
  class space    used 5200K, committed 5440K, reserved 1048576K
}
Event: 161.005 GC heap after
{Heap after GC invocations=19 (full 10):
 garbage-first heap   total 75776K, used 24837K [0x00000000c0000000, 0x0000000100000000)
  region size 1024K, 0 young (0K), 0 survivors (0K)
 Metaspace       used 39389K, committed 39936K, reserved 1114112K
  class space    used 5200K, committed 5440K, reserved 1048576K
}
Event: 172.146 GC heap before
{Heap before GC invocations=19 (full 10):
 garbage-first heap   total 75776K, used 24837K [0x00000000c0000000, 0x0000000100000000)
  region size 1024K, 1 young (1024K), 0 survivors (0K)
 Metaspace       used 39389K, committed 39936K, reserved 1114112K
  class space    used 5200K, committed 5440K, reserved 1048576K
}
Event: 172.167 GC heap after
{Heap after GC invocations=20 (full 11):
 garbage-first heap   total 75776K, used 24837K [0x00000000c0000000, 0x0000000100000000)
  region size 1024K, 0 young (0K), 0 survivors (0K)
 Metaspace       used 39389K, committed 39936K, reserved 1114112K
  class space    used 5200K, committed 5440K, reserved 1048576K
}
Event: 185.721 GC heap before
{Heap before GC invocations=20 (full 11):
 garbage-first heap   total 75776K, used 24837K [0x00000000c0000000, 0x0000000100000000)
  region size 1024K, 1 young (1024K), 0 survivors (0K)
 Metaspace       used 39389K, committed 39936K, reserved 1114112K
  class space    used 5200K, committed 5440K, reserved 1048576K
}
Event: 185.759 GC heap after
{Heap after GC invocations=21 (full 12):
 garbage-first heap   total 75776K, used 24837K [0x00000000c0000000, 0x0000000100000000)
  region size 1024K, 0 young (0K), 0 survivors (0K)
 Metaspace       used 39389K, committed 39936K, reserved 1114112K
  class space    used 5200K, committed 5440K, reserved 1048576K
}
Event: 197.236 GC heap before
{Heap before GC invocations=21 (full 12):
 garbage-first heap   total 75776K, used 24837K [0x00000000c0000000, 0x0000000100000000)
  region size 1024K, 1 young (1024K), 0 survivors (0K)
 Metaspace       used 39389K, committed 39936K, reserved 1114112K
  class space    used 5200K, committed 5440K, reserved 1048576K
}
Event: 197.283 GC heap after
{Heap after GC invocations=22 (full 13):
 garbage-first heap   total 75776K, used 24837K [0x00000000c0000000, 0x0000000100000000)
  region size 1024K, 0 young (0K), 0 survivors (0K)
 Metaspace       used 39389K, committed 39936K, reserved 1114112K
  class space    used 5200K, committed 5440K, reserved 1048576K
}
Event: 209.137 GC heap before
{Heap before GC invocations=22 (full 13):
 garbage-first heap   total 75776K, used 24837K [0x00000000c0000000, 0x0000000100000000)
  region size 1024K, 1 young (1024K), 0 survivors (0K)
 Metaspace       used 39389K, committed 39936K, reserved 1114112K
  class space    used 5200K, committed 5440K, reserved 1048576K
}
Event: 209.162 GC heap after
{Heap after GC invocations=23 (full 14):
 garbage-first heap   total 75776K, used 24837K [0x00000000c0000000, 0x0000000100000000)
  region size 1024K, 0 young (0K), 0 survivors (0K)
 Metaspace       used 39389K, committed 39936K, reserved 1114112K
  class space    used 5200K, committed 5440K, reserved 1048576K
}
Event: 223.371 GC heap before
{Heap before GC invocations=23 (full 14):
 garbage-first heap   total 75776K, used 24837K [0x00000000c0000000, 0x0000000100000000)
  region size 1024K, 1 young (1024K), 0 survivors (0K)
 Metaspace       used 39389K, committed 39936K, reserved 1114112K
  class space    used 5200K, committed 5440K, reserved 1048576K
}
Event: 223.395 GC heap after
{Heap after GC invocations=24 (full 15):
 garbage-first heap   total 75776K, used 24837K [0x00000000c0000000, 0x0000000100000000)
  region size 1024K, 0 young (0K), 0 survivors (0K)
 Metaspace       used 39389K, committed 39936K, reserved 1114112K
  class space    used 5200K, committed 5440K, reserved 1048576K
}
Event: 240.594 GC heap before
{Heap before GC invocations=24 (full 15):
 garbage-first heap   total 75776K, used 24837K [0x00000000c0000000, 0x0000000100000000)
  region size 1024K, 1 young (1024K), 0 survivors (0K)
 Metaspace       used 39389K, committed 39936K, reserved 1114112K
  class space    used 5200K, committed 5440K, reserved 1048576K
}
Event: 240.687 GC heap after
{Heap after GC invocations=25 (full 16):
 garbage-first heap   total 75776K, used 24837K [0x00000000c0000000, 0x0000000100000000)
  region size 1024K, 0 young (0K), 0 survivors (0K)
 Metaspace       used 39389K, committed 39936K, reserved 1114112K
  class space    used 5200K, committed 5440K, reserved 1048576K
}

