# JRE version: OpenJDK Runtime Environment Temurin-17.0.9+9 (17.0.9+9) (build 17.0.9+9)
# Java VM: OpenJDK 64-Bit Server VM Temurin-17.0.9+9 (17.0.9+9, mixed mode, emulated-client, tiered, compressed oops, compressed class ptrs, g1 gc, windows-amd64)
GC Precious Log:
 CPUs: 8 total, 8 available
 Memory: 7810M
 Large Page Support: Disabled
 NUMA Support: Disabled
 Compressed Oops: Enabled (32-bit)
 Heap Region Size: 1M
 Heap Min Capacity: 8M
 Heap Initial Capacity: 124M
 Heap Max Capacity: 1G
 Pre-touch: Disabled
 Parallel Workers: 8
 Concurrent Workers: 2
 Concurrent Refinement Workers: 8
 Periodic GC: Disabled
Heap:
 garbage-first heap   total 68608K, used 31747K [0x00000000c0000000, 0x0000000100000000)
  region size 1024K, 11 young (11264K), 4 survivors (4096K)
 Metaspace       used 35561K, committed 35904K, reserved 1114112K
  class space    used 4570K, committed 4736K, reserved 1048576K
GC Heap History (12 events):
Event: 1.469 GC heap before
{Heap before GC invocations=0 (full 0):
 garbage-first heap   total 126976K, used 26624K [0x00000000c0000000, 0x0000000100000000)
  region size 1024K, 23 young (23552K), 0 survivors (0K)
 Metaspace       used 8246K, committed 8448K, reserved 1114112K
  class space    used 924K, committed 1024K, reserved 1048576K
}
Event: 1.478 GC heap after
{Heap after GC invocations=1 (full 0):
 garbage-first heap   total 126976K, used 13973K [0x00000000c0000000, 0x0000000100000000)
  region size 1024K, 3 young (3072K), 3 survivors (3072K)
 Metaspace       used 8246K, committed 8448K, reserved 1114112K
  class space    used 924K, committed 1024K, reserved 1048576K
}
Event: 2.463 GC heap before
{Heap before GC invocations=1 (full 0):
 garbage-first heap   total 126976K, used 37525K [0x00000000c0000000, 0x0000000100000000)
  region size 1024K, 26 young (26624K), 3 survivors (3072K)
 Metaspace       used 14189K, committed 14400K, reserved 1114112K
  class space    used 1770K, committed 1856K, reserved 1048576K
}
Event: 2.471 GC heap after
{Heap after GC invocations=2 (full 0):
 garbage-first heap   total 126976K, used 15819K [0x00000000c0000000, 0x0000000100000000)
  region size 1024K, 2 young (2048K), 2 survivors (2048K)
 Metaspace       used 14189K, committed 14400K, reserved 1114112K
  class space    used 1770K, committed 1856K, reserved 1048576K
}
Event: 3.329 GC heap before
{Heap before GC invocations=2 (full 0):
 garbage-first heap   total 126976K, used 43467K [0x00000000c0000000, 0x0000000100000000)
  region size 1024K, 31 young (31744K), 2 survivors (2048K)
 Metaspace       used 21294K, committed 21504K, reserved 1114112K
  class space    used 2620K, committed 2752K, reserved 1048576K
}
Event: 3.338 GC heap after
{Heap after GC invocations=3 (full 0):
 garbage-first heap   total 126976K, used 18898K [0x00000000c0000000, 0x0000000100000000)
  region size 1024K, 5 young (5120K), 5 survivors (5120K)
 Metaspace       used 21294K, committed 21504K, reserved 1114112K
  class space    used 2620K, committed 2752K, reserved 1048576K
}
Event: 4.324 GC heap before
{Heap before GC invocations=4 (full 0):
 garbage-first heap   total 68608K, used 50642K [0x00000000c0000000, 0x0000000100000000)
  region size 1024K, 38 young (38912K), 5 survivors (5120K)
 Metaspace       used 27347K, committed 27648K, reserved 1114112K
  class space    used 3407K, committed 3520K, reserved 1048576K
}
Event: 4.338 GC heap after
{Heap after GC invocations=5 (full 0):
 garbage-first heap   total 68608K, used 22516K [0x00000000c0000000, 0x0000000100000000)
  region size 1024K, 4 young (4096K), 4 survivors (4096K)
 Metaspace       used 27347K, committed 27648K, reserved 1114112K
  class space    used 3407K, committed 3520K, reserved 1048576K
}
Event: 5.682 GC heap before
{Heap before GC invocations=5 (full 0):
 garbage-first heap   total 68608K, used 42996K [0x00000000c0000000, 0x0000000100000000)
  region size 1024K, 25 young (25600K), 4 survivors (4096K)
 Metaspace       used 30938K, committed 31232K, reserved 1114112K
  class space    used 3905K, committed 4032K, reserved 1048576K
}
Event: 5.693 GC heap after
{Heap after GC invocations=6 (full 0):
 garbage-first heap   total 68608K, used 23233K [0x00000000c0000000, 0x0000000100000000)
  region size 1024K, 2 young (2048K), 2 survivors (2048K)
 Metaspace       used 30938K, committed 31232K, reserved 1114112K
  class space    used 3905K, committed 4032K, reserved 1048576K
}
Event: 6.987 GC heap before
{Heap before GC invocations=6 (full 0):
 garbage-first heap   total 68608K, used 45761K [0x00000000c0000000, 0x0000000100000000)
  region size 1024K, 25 young (25600K), 2 survivors (2048K)
 Metaspace       used 34109K, committed 34432K, reserved 1114112K
  class space    used 4353K, committed 4480K, reserved 1048576K
}
Event: 7.002 GC heap after
{Heap after GC invocations=7 (full 0):
 garbage-first heap   total 68608K, used 25603K [0x00000000c0000000, 0x0000000100000000)
  region size 1024K, 4 young (4096K), 4 survivors (4096K)
 Metaspace       used 34109K, committed 34432K, reserved 1114112K
  class space    used 4353K, committed 4480K, reserved 1048576K
}

