# JRE version: OpenJDK Runtime Environment Temurin-17.0.10+7 (17.0.10+7) (build 17.0.10+7)
# Java VM: OpenJDK 64-Bit Server VM Temurin-17.0.10+7 (17.0.10+7, mixed mode, emulated-client, tiered, compressed oops, compressed class ptrs, g1 gc, windows-amd64)
GC Precious Log:
 CPUs: 8 total, 8 available
 Memory: 7810M
 Large Page Support: Disabled
 NUMA Support: Disabled
 Compressed Oops: Enabled (32-bit)
 Heap Region Size: 1M
 Heap Min Capacity: 8M
 Heap Initial Capacity: 124M
 Heap Max Capacity: 1G
 Pre-touch: Disabled
 Parallel Workers: 8
 Concurrent Workers: 2
 Concurrent Refinement Workers: 8
 Periodic GC: Disabled
Heap:
 garbage-first heap   total 86016K, used 24894K [0x00000000c0000000, 0x0000000100000000)
  region size 1024K, 1 young (1024K), 0 survivors (0K)
 Metaspace       used 39488K, committed 40064K, reserved 1114112K
  class space    used 5218K, committed 5440K, reserved 1048576K
GC Heap History (20 events):
Event: 10864.946 GC heap before
{Heap before GC invocations=849 (full 840):
 garbage-first heap   total 86016K, used 24894K [0x00000000c0000000, 0x0000000100000000)
  region size 1024K, 1 young (1024K), 0 survivors (0K)
 Metaspace       used 39488K, committed 40064K, reserved 1114112K
  class space    used 5218K, committed 5440K, reserved 1048576K
}
Event: 10864.966 GC heap after
{Heap after GC invocations=850 (full 841):
 garbage-first heap   total 86016K, used 24894K [0x00000000c0000000, 0x0000000100000000)
  region size 1024K, 0 young (0K), 0 survivors (0K)
 Metaspace       used 39488K, committed 40064K, reserved 1114112K
  class space    used 5218K, committed 5440K, reserved 1048576K
}
Event: 10876.543 GC heap before
{Heap before GC invocations=850 (full 841):
 garbage-first heap   total 86016K, used 24894K [0x00000000c0000000, 0x0000000100000000)
  region size 1024K, 1 young (1024K), 0 survivors (0K)
 Metaspace       used 39488K, committed 40064K, reserved 1114112K
  class space    used 5218K, committed 5440K, reserved 1048576K
}
Event: 10876.566 GC heap after
{Heap after GC invocations=851 (full 842):
 garbage-first heap   total 86016K, used 24894K [0x00000000c0000000, 0x0000000100000000)
  region size 1024K, 0 young (0K), 0 survivors (0K)
 Metaspace       used 39488K, committed 40064K, reserved 1114112K
  class space    used 5218K, committed 5440K, reserved 1048576K
}
Event: 10887.693 GC heap before
{Heap before GC invocations=851 (full 842):
 garbage-first heap   total 86016K, used 24894K [0x00000000c0000000, 0x0000000100000000)
  region size 1024K, 1 young (1024K), 0 survivors (0K)
 Metaspace       used 39488K, committed 40064K, reserved 1114112K
  class space    used 5218K, committed 5440K, reserved 1048576K
}
Event: 10887.713 GC heap after
{Heap after GC invocations=852 (full 843):
 garbage-first heap   total 86016K, used 24894K [0x00000000c0000000, 0x0000000100000000)
  region size 1024K, 0 young (0K), 0 survivors (0K)
 Metaspace       used 39488K, committed 40064K, reserved 1114112K
  class space    used 5218K, committed 5440K, reserved 1048576K
}
Event: 10898.905 GC heap before
{Heap before GC invocations=852 (full 843):
 garbage-first heap   total 86016K, used 24894K [0x00000000c0000000, 0x0000000100000000)
  region size 1024K, 1 young (1024K), 0 survivors (0K)
 Metaspace       used 39488K, committed 40064K, reserved 1114112K
  class space    used 5218K, committed 5440K, reserved 1048576K
}
Event: 10898.930 GC heap after
{Heap after GC invocations=853 (full 844):
 garbage-first heap   total 86016K, used 24894K [0x00000000c0000000, 0x0000000100000000)
  region size 1024K, 0 young (0K), 0 survivors (0K)
 Metaspace       used 39488K, committed 40064K, reserved 1114112K
  class space    used 5218K, committed 5440K, reserved 1048576K
}
Event: 10910.236 GC heap before
{Heap before GC invocations=853 (full 844):
 garbage-first heap   total 86016K, used 24894K [0x00000000c0000000, 0x0000000100000000)
  region size 1024K, 1 young (1024K), 0 survivors (0K)
 Metaspace       used 39488K, committed 40064K, reserved 1114112K
  class space    used 5218K, committed 5440K, reserved 1048576K
}
Event: 10910.271 GC heap after
{Heap after GC invocations=854 (full 845):
 garbage-first heap   total 86016K, used 24894K [0x00000000c0000000, 0x0000000100000000)
  region size 1024K, 0 young (0K), 0 survivors (0K)
 Metaspace       used 39488K, committed 40064K, reserved 1114112K
  class space    used 5218K, committed 5440K, reserved 1048576K
}
Event: 10926.095 GC heap before
{Heap before GC invocations=854 (full 845):
 garbage-first heap   total 86016K, used 24894K [0x00000000c0000000, 0x0000000100000000)
  region size 1024K, 1 young (1024K), 0 survivors (0K)
 Metaspace       used 39488K, committed 40064K, reserved 1114112K
  class space    used 5218K, committed 5440K, reserved 1048576K
}
Event: 10926.165 GC heap after
{Heap after GC invocations=855 (full 846):
 garbage-first heap   total 86016K, used 24894K [0x00000000c0000000, 0x0000000100000000)
  region size 1024K, 0 young (0K), 0 survivors (0K)
 Metaspace       used 39488K, committed 40064K, reserved 1114112K
  class space    used 5218K, committed 5440K, reserved 1048576K
}
Event: 10937.329 GC heap before
{Heap before GC invocations=855 (full 846):
 garbage-first heap   total 86016K, used 24894K [0x00000000c0000000, 0x0000000100000000)
  region size 1024K, 1 young (1024K), 0 survivors (0K)
 Metaspace       used 39488K, committed 40064K, reserved 1114112K
  class space    used 5218K, committed 5440K, reserved 1048576K
}
Event: 10937.363 GC heap after
{Heap after GC invocations=856 (full 847):
 garbage-first heap   total 86016K, used 24894K [0x00000000c0000000, 0x0000000100000000)
  region size 1024K, 0 young (0K), 0 survivors (0K)
 Metaspace       used 39488K, committed 40064K, reserved 1114112K
  class space    used 5218K, committed 5440K, reserved 1048576K
}
Event: 10948.374 GC heap before
{Heap before GC invocations=856 (full 847):
 garbage-first heap   total 86016K, used 24894K [0x00000000c0000000, 0x0000000100000000)
  region size 1024K, 1 young (1024K), 0 survivors (0K)
 Metaspace       used 39488K, committed 40064K, reserved 1114112K
  class space    used 5218K, committed 5440K, reserved 1048576K
}
Event: 10948.400 GC heap after
{Heap after GC invocations=857 (full 848):
 garbage-first heap   total 86016K, used 24894K [0x00000000c0000000, 0x0000000100000000)
  region size 1024K, 0 young (0K), 0 survivors (0K)
 Metaspace       used 39488K, committed 40064K, reserved 1114112K
  class space    used 5218K, committed 5440K, reserved 1048576K
}
Event: 10959.647 GC heap before
{Heap before GC invocations=857 (full 848):
 garbage-first heap   total 86016K, used 24894K [0x00000000c0000000, 0x0000000100000000)
  region size 1024K, 1 young (1024K), 0 survivors (0K)
 Metaspace       used 39488K, committed 40064K, reserved 1114112K
  class space    used 5218K, committed 5440K, reserved 1048576K
}
Event: 10959.665 GC heap after
{Heap after GC invocations=858 (full 849):
 garbage-first heap   total 86016K, used 24894K [0x00000000c0000000, 0x0000000100000000)
  region size 1024K, 0 young (0K), 0 survivors (0K)
 Metaspace       used 39488K, committed 40064K, reserved 1114112K
  class space    used 5218K, committed 5440K, reserved 1048576K
}
Event: 10974.671 GC heap before
{Heap before GC invocations=858 (full 849):
 garbage-first heap   total 86016K, used 24894K [0x00000000c0000000, 0x0000000100000000)
  region size 1024K, 1 young (1024K), 0 survivors (0K)
 Metaspace       used 39488K, committed 40064K, reserved 1114112K
  class space    used 5218K, committed 5440K, reserved 1048576K
}
Event: 10974.730 GC heap after
{Heap after GC invocations=859 (full 850):
 garbage-first heap   total 86016K, used 24894K [0x00000000c0000000, 0x0000000100000000)
  region size 1024K, 0 young (0K), 0 survivors (0K)
 Metaspace       used 39488K, committed 40064K, reserved 1114112K
  class space    used 5218K, committed 5440K, reserved 1048576K
}

