# JRE version: OpenJDK Runtime Environment Temurin-17.0.9+9 (17.0.9+9) (build 17.0.9+9)
# Java VM: OpenJDK 64-Bit Server VM Temurin-17.0.9+9 (17.0.9+9, mixed mode, tiered, compressed oops, compressed class ptrs, parallel gc, windows-amd64)
GC Precious Log:
 CPUs: 8 total, 8 available
 Memory: 7810M
 Large Page Support: Disabled
 NUMA Support: Disabled
 Compressed Oops: Enabled (32-bit)
 Alignments: Space 512K, Generation 512K, Heap 2M
 Heap Min Capacity: 100M
 Heap Initial Capacity: 100M
 Heap Max Capacity: 1G
 Pre-touch: Disabled
 Parallel Workers: 8
Heap:
 PSYoungGen      total 24064K, used 23835K [0x00000000eab00000, 0x00000000ec980000, 0x0000000100000000)
  eden space 20480K, 99% used [0x00000000eab00000,0x00000000ebefca38,0x00000000ebf00000)
  from space 3584K, 93% used [0x00000000ec600000,0x00000000ec94a2f0,0x00000000ec980000)
  to   space 4096K, 0% used [0x00000000ec180000,0x00000000ec180000,0x00000000ec580000)
 ParOldGen       total 167424K, used 109716K [0x00000000c0000000, 0x00000000ca380000, 0x00000000eab00000)
  object space 167424K, 65% used [0x00000000c0000000,0x00000000c6b25098,0x00000000ca380000)
 Metaspace       used 76228K, committed 77632K, reserved 1179648K
  class space    used 7902K, committed 8512K, reserved 1048576K
GC Heap History (20 events):
Event: 34.954 GC heap before
{Heap before GC invocations=70 (full 5):
 PSYoungGen      total 28160K, used 28063K [0x00000000eab00000, 0x00000000eda00000, 0x0000000100000000)
  eden space 20480K, 100% used [0x00000000eab00000,0x00000000ebf00000,0x00000000ebf00000)
  from space 7680K, 98% used [0x00000000ed280000,0x00000000ed9e7dc0,0x00000000eda00000)
  to   space 11776K, 0% used [0x00000000ec300000,0x00000000ec300000,0x00000000ece80000)
 ParOldGen       total 123904K, used 103486K [0x00000000c0000000, 0x00000000c7900000, 0x00000000eab00000)
  object space 123904K, 83% used [0x00000000c0000000,0x00000000c650f958,0x00000000c7900000)
 Metaspace       used 69342K, committed 70656K, reserved 1114112K
  class space    used 7277K, committed 7872K, reserved 1048576K
}
Event: 34.965 GC heap after
{Heap after GC invocations=70 (full 5):
 PSYoungGen      total 32768K, used 10924K [0x00000000eab00000, 0x00000000ed700000, 0x0000000100000000)
  eden space 21504K, 0% used [0x00000000eab00000,0x00000000eab00000,0x00000000ec000000)
  from space 11264K, 96% used [0x00000000ec300000,0x00000000ecdab3d8,0x00000000ece00000)
  to   space 9216K, 0% used [0x00000000ece00000,0x00000000ece00000,0x00000000ed700000)
 ParOldGen       total 123904K, used 103494K [0x00000000c0000000, 0x00000000c7900000, 0x00000000eab00000)
  object space 123904K, 83% used [0x00000000c0000000,0x00000000c6511958,0x00000000c7900000)
 Metaspace       used 69342K, committed 70656K, reserved 1114112K
  class space    used 7277K, committed 7872K, reserved 1048576K
}
Event: 35.576 GC heap before
{Heap before GC invocations=71 (full 5):
 PSYoungGen      total 32768K, used 32428K [0x00000000eab00000, 0x00000000ed700000, 0x0000000100000000)
  eden space 21504K, 100% used [0x00000000eab00000,0x00000000ec000000,0x00000000ec000000)
  from space 11264K, 96% used [0x00000000ec300000,0x00000000ecdab3d8,0x00000000ece00000)
  to   space 9216K, 0% used [0x00000000ece00000,0x00000000ece00000,0x00000000ed700000)
 ParOldGen       total 123904K, used 103494K [0x00000000c0000000, 0x00000000c7900000, 0x00000000eab00000)
  object space 123904K, 83% used [0x00000000c0000000,0x00000000c6511958,0x00000000c7900000)
 Metaspace       used 71255K, committed 72576K, reserved 1114112K
  class space    used 7402K, committed 8000K, reserved 1048576K
}
Event: 35.587 GC heap after
{Heap after GC invocations=71 (full 5):
 PSYoungGen      total 31232K, used 9198K [0x00000000eab00000, 0x00000000edc00000, 0x0000000100000000)
  eden space 22016K, 0% used [0x00000000eab00000,0x00000000eab00000,0x00000000ec080000)
  from space 9216K, 99% used [0x00000000ece00000,0x00000000ed6fb870,0x00000000ed700000)
  to   space 13824K, 0% used [0x00000000ec080000,0x00000000ec080000,0x00000000ece00000)
 ParOldGen       total 123904K, used 107342K [0x00000000c0000000, 0x00000000c7900000, 0x00000000eab00000)
  object space 123904K, 86% used [0x00000000c0000000,0x00000000c68d3978,0x00000000c7900000)
 Metaspace       used 71255K, committed 72576K, reserved 1114112K
  class space    used 7402K, committed 8000K, reserved 1048576K
}
Event: 35.877 GC heap before
{Heap before GC invocations=72 (full 5):
 PSYoungGen      total 31232K, used 31214K [0x00000000eab00000, 0x00000000edc00000, 0x0000000100000000)
  eden space 22016K, 100% used [0x00000000eab00000,0x00000000ec080000,0x00000000ec080000)
  from space 9216K, 99% used [0x00000000ece00000,0x00000000ed6fb870,0x00000000ed700000)
  to   space 13824K, 0% used [0x00000000ec080000,0x00000000ec080000,0x00000000ece00000)
 ParOldGen       total 123904K, used 107342K [0x00000000c0000000, 0x00000000c7900000, 0x00000000eab00000)
  object space 123904K, 86% used [0x00000000c0000000,0x00000000c68d3978,0x00000000c7900000)
 Metaspace       used 72872K, committed 74240K, reserved 1179648K
  class space    used 7564K, committed 8192K, reserved 1048576K
}
Event: 35.887 GC heap after
{Heap after GC invocations=72 (full 5):
 PSYoungGen      total 27136K, used 4754K [0x00000000eab00000, 0x00000000ed180000, 0x0000000100000000)
  eden space 22016K, 0% used [0x00000000eab00000,0x00000000eab00000,0x00000000ec080000)
  from space 5120K, 92% used [0x00000000ec080000,0x00000000ec524aa8,0x00000000ec580000)
  to   space 8192K, 0% used [0x00000000ec980000,0x00000000ec980000,0x00000000ed180000)
 ParOldGen       total 123904K, used 114224K [0x00000000c0000000, 0x00000000c7900000, 0x00000000eab00000)
  object space 123904K, 92% used [0x00000000c0000000,0x00000000c6f8c388,0x00000000c7900000)
 Metaspace       used 72872K, committed 74240K, reserved 1179648K
  class space    used 7564K, committed 8192K, reserved 1048576K
}
Event: 36.894 GC heap before
{Heap before GC invocations=73 (full 5):
 PSYoungGen      total 27136K, used 26770K [0x00000000eab00000, 0x00000000ed180000, 0x0000000100000000)
  eden space 22016K, 100% used [0x00000000eab00000,0x00000000ec080000,0x00000000ec080000)
  from space 5120K, 92% used [0x00000000ec080000,0x00000000ec524aa8,0x00000000ec580000)
  to   space 8192K, 0% used [0x00000000ec980000,0x00000000ec980000,0x00000000ed180000)
 ParOldGen       total 123904K, used 114224K [0x00000000c0000000, 0x00000000c7900000, 0x00000000eab00000)
  object space 123904K, 92% used [0x00000000c0000000,0x00000000c6f8c388,0x00000000c7900000)
 Metaspace       used 73661K, committed 75072K, reserved 1179648K
  class space    used 7623K, committed 8256K, reserved 1048576K
}
Event: 36.901 GC heap after
{Heap after GC invocations=73 (full 5):
 PSYoungGen      total 27648K, used 8169K [0x00000000eab00000, 0x00000000ed880000, 0x0000000100000000)
  eden space 19456K, 0% used [0x00000000eab00000,0x00000000eab00000,0x00000000ebe00000)
  from space 8192K, 99% used [0x00000000ec980000,0x00000000ed17a790,0x00000000ed180000)
  to   space 11776K, 0% used [0x00000000ebe00000,0x00000000ebe00000,0x00000000ec980000)
 ParOldGen       total 123904K, used 116680K [0x00000000c0000000, 0x00000000c7900000, 0x00000000eab00000)
  object space 123904K, 94% used [0x00000000c0000000,0x00000000c71f2388,0x00000000c7900000)
 Metaspace       used 73661K, committed 75072K, reserved 1179648K
  class space    used 7623K, committed 8256K, reserved 1048576K
}
Event: 37.235 GC heap before
{Heap before GC invocations=74 (full 5):
 PSYoungGen      total 27648K, used 27625K [0x00000000eab00000, 0x00000000ed880000, 0x0000000100000000)
  eden space 19456K, 100% used [0x00000000eab00000,0x00000000ebe00000,0x00000000ebe00000)
  from space 8192K, 99% used [0x00000000ec980000,0x00000000ed17a790,0x00000000ed180000)
  to   space 11776K, 0% used [0x00000000ebe00000,0x00000000ebe00000,0x00000000ec980000)
 ParOldGen       total 123904K, used 116680K [0x00000000c0000000, 0x00000000c7900000, 0x00000000eab00000)
  object space 123904K, 94% used [0x00000000c0000000,0x00000000c71f2388,0x00000000c7900000)
 Metaspace       used 73720K, committed 75136K, reserved 1179648K
  class space    used 7627K, committed 8256K, reserved 1048576K
}
Event: 37.241 GC heap after
{Heap after GC invocations=74 (full 5):
 PSYoungGen      total 31232K, used 10696K [0x00000000eab00000, 0x00000000ed480000, 0x0000000100000000)
  eden space 19456K, 0% used [0x00000000eab00000,0x00000000eab00000,0x00000000ebe00000)
  from space 11776K, 90% used [0x00000000ebe00000,0x00000000ec8722a0,0x00000000ec980000)
  to   space 11264K, 0% used [0x00000000ec980000,0x00000000ec980000,0x00000000ed480000)
 ParOldGen       total 123904K, used 119309K [0x00000000c0000000, 0x00000000c7900000, 0x00000000eab00000)
  object space 123904K, 96% used [0x00000000c0000000,0x00000000c7483430,0x00000000c7900000)
 Metaspace       used 73720K, committed 75136K, reserved 1179648K
  class space    used 7627K, committed 8256K, reserved 1048576K
}
Event: 37.624 GC heap before
{Heap before GC invocations=75 (full 5):
 PSYoungGen      total 31232K, used 30152K [0x00000000eab00000, 0x00000000ed480000, 0x0000000100000000)
  eden space 19456K, 100% used [0x00000000eab00000,0x00000000ebe00000,0x00000000ebe00000)
  from space 11776K, 90% used [0x00000000ebe00000,0x00000000ec8722a0,0x00000000ec980000)
  to   space 11264K, 0% used [0x00000000ec980000,0x00000000ec980000,0x00000000ed480000)
 ParOldGen       total 123904K, used 119309K [0x00000000c0000000, 0x00000000c7900000, 0x00000000eab00000)
  object space 123904K, 96% used [0x00000000c0000000,0x00000000c7483430,0x00000000c7900000)
 Metaspace       used 73927K, committed 75264K, reserved 1179648K
  class space    used 7645K, committed 8256K, reserved 1048576K
}
Event: 37.628 GC heap after
{Heap after GC invocations=75 (full 5):
 PSYoungGen      total 30720K, used 11244K [0x00000000eab00000, 0x00000000ed580000, 0x0000000100000000)
  eden space 19456K, 0% used [0x00000000eab00000,0x00000000eab00000,0x00000000ebe00000)
  from space 11264K, 99% used [0x00000000ec980000,0x00000000ed47b380,0x00000000ed480000)
  to   space 11776K, 0% used [0x00000000ebe00000,0x00000000ebe00000,0x00000000ec980000)
 ParOldGen       total 123904K, used 119317K [0x00000000c0000000, 0x00000000c7900000, 0x00000000eab00000)
  object space 123904K, 96% used [0x00000000c0000000,0x00000000c7485430,0x00000000c7900000)
 Metaspace       used 73927K, committed 75264K, reserved 1179648K
  class space    used 7645K, committed 8256K, reserved 1048576K
}
Event: 38.055 GC heap before
{Heap before GC invocations=76 (full 5):
 PSYoungGen      total 30720K, used 30700K [0x00000000eab00000, 0x00000000ed580000, 0x0000000100000000)
  eden space 19456K, 100% used [0x00000000eab00000,0x00000000ebe00000,0x00000000ebe00000)
  from space 11264K, 99% used [0x00000000ec980000,0x00000000ed47b380,0x00000000ed480000)
  to   space 11776K, 0% used [0x00000000ebe00000,0x00000000ebe00000,0x00000000ec980000)
 ParOldGen       total 123904K, used 119317K [0x00000000c0000000, 0x00000000c7900000, 0x00000000eab00000)
  object space 123904K, 96% used [0x00000000c0000000,0x00000000c7485430,0x00000000c7900000)
 Metaspace       used 74471K, committed 75776K, reserved 1179648K
  class space    used 7673K, committed 8256K, reserved 1048576K
}
Event: 38.060 GC heap after
{Heap after GC invocations=76 (full 5):
 PSYoungGen      total 31232K, used 11753K [0x00000000eab00000, 0x00000000ed880000, 0x0000000100000000)
  eden space 19456K, 0% used [0x00000000eab00000,0x00000000eab00000,0x00000000ebe00000)
  from space 11776K, 99% used [0x00000000ebe00000,0x00000000ec97a648,0x00000000ec980000)
  to   space 13312K, 0% used [0x00000000ecb80000,0x00000000ecb80000,0x00000000ed880000)
 ParOldGen       total 123904K, used 120373K [0x00000000c0000000, 0x00000000c7900000, 0x00000000eab00000)
  object space 123904K, 97% used [0x00000000c0000000,0x00000000c758d430,0x00000000c7900000)
 Metaspace       used 74471K, committed 75776K, reserved 1179648K
  class space    used 7673K, committed 8256K, reserved 1048576K
}
Event: 38.198 GC heap before
{Heap before GC invocations=77 (full 5):
 PSYoungGen      total 31232K, used 31209K [0x00000000eab00000, 0x00000000ed880000, 0x0000000100000000)
  eden space 19456K, 100% used [0x00000000eab00000,0x00000000ebe00000,0x00000000ebe00000)
  from space 11776K, 99% used [0x00000000ebe00000,0x00000000ec97a648,0x00000000ec980000)
  to   space 13312K, 0% used [0x00000000ecb80000,0x00000000ecb80000,0x00000000ed880000)
 ParOldGen       total 123904K, used 120373K [0x00000000c0000000, 0x00000000c7900000, 0x00000000eab00000)
  object space 123904K, 97% used [0x00000000c0000000,0x00000000c758d430,0x00000000c7900000)
 Metaspace       used 74491K, committed 75840K, reserved 1179648K
  class space    used 7673K, committed 8256K, reserved 1048576K
}
Event: 38.208 GC heap after
{Heap after GC invocations=77 (full 5):
 PSYoungGen      total 22528K, used 1812K [0x00000000eab00000, 0x00000000ecd80000, 0x0000000100000000)
  eden space 20480K, 0% used [0x00000000eab00000,0x00000000eab00000,0x00000000ebf00000)
  from space 2048K, 88% used [0x00000000ecb80000,0x00000000ecd45220,0x00000000ecd80000)
  to   space 6144K, 0% used [0x00000000ec180000,0x00000000ec180000,0x00000000ec780000)
 ParOldGen       total 130560K, used 130376K [0x00000000c0000000, 0x00000000c7f80000, 0x00000000eab00000)
  object space 130560K, 99% used [0x00000000c0000000,0x00000000c7f522a0,0x00000000c7f80000)
 Metaspace       used 74491K, committed 75840K, reserved 1179648K
  class space    used 7673K, committed 8256K, reserved 1048576K
}
Event: 38.208 GC heap before
{Heap before GC invocations=78 (full 6):
 PSYoungGen      total 22528K, used 1812K [0x00000000eab00000, 0x00000000ecd80000, 0x0000000100000000)
  eden space 20480K, 0% used [0x00000000eab00000,0x00000000eab00000,0x00000000ebf00000)
  from space 2048K, 88% used [0x00000000ecb80000,0x00000000ecd45220,0x00000000ecd80000)
  to   space 6144K, 0% used [0x00000000ec180000,0x00000000ec180000,0x00000000ec780000)
 ParOldGen       total 130560K, used 130376K [0x00000000c0000000, 0x00000000c7f80000, 0x00000000eab00000)
  object space 130560K, 99% used [0x00000000c0000000,0x00000000c7f522a0,0x00000000c7f80000)
 Metaspace       used 74491K, committed 75840K, reserved 1179648K
  class space    used 7673K, committed 8256K, reserved 1048576K
}
Event: 38.356 GC heap after
{Heap after GC invocations=78 (full 6):
 PSYoungGen      total 20992K, used 0K [0x00000000eab00000, 0x00000000ecc00000, 0x0000000100000000)
  eden space 20480K, 0% used [0x00000000eab00000,0x00000000eab00000,0x00000000ebf00000)
  from space 512K, 0% used [0x00000000ec180000,0x00000000ec180000,0x00000000ec200000)
  to   space 6144K, 0% used [0x00000000ec600000,0x00000000ec600000,0x00000000ecc00000)
 ParOldGen       total 167424K, used 109708K [0x00000000c0000000, 0x00000000ca380000, 0x00000000eab00000)
  object space 167424K, 65% used [0x00000000c0000000,0x00000000c6b23098,0x00000000ca380000)
 Metaspace       used 74491K, committed 75840K, reserved 1179648K
  class space    used 7673K, committed 8256K, reserved 1048576K
}
Event: 38.817 GC heap before
{Heap before GC invocations=79 (full 6):
 PSYoungGen      total 20992K, used 20480K [0x00000000eab00000, 0x00000000ecc00000, 0x0000000100000000)
  eden space 20480K, 100% used [0x00000000eab00000,0x00000000ebf00000,0x00000000ebf00000)
  from space 512K, 0% used [0x00000000ec180000,0x00000000ec180000,0x00000000ec200000)
  to   space 6144K, 0% used [0x00000000ec600000,0x00000000ec600000,0x00000000ecc00000)
 ParOldGen       total 167424K, used 109708K [0x00000000c0000000, 0x00000000ca380000, 0x00000000eab00000)
  object space 167424K, 65% used [0x00000000c0000000,0x00000000c6b23098,0x00000000ca380000)
 Metaspace       used 74589K, committed 75904K, reserved 1179648K
  class space    used 7673K, committed 8256K, reserved 1048576K
}
Event: 38.821 GC heap after
{Heap after GC invocations=79 (full 6):
 PSYoungGen      total 24064K, used 3368K [0x00000000eab00000, 0x00000000ec980000, 0x0000000100000000)
  eden space 20480K, 0% used [0x00000000eab00000,0x00000000eab00000,0x00000000ebf00000)
  from space 3584K, 93% used [0x00000000ec600000,0x00000000ec94a2f0,0x00000000ec980000)
  to   space 4096K, 0% used [0x00000000ec180000,0x00000000ec180000,0x00000000ec580000)
 ParOldGen       total 167424K, used 109716K [0x00000000c0000000, 0x00000000ca380000, 0x00000000eab00000)
  object space 167424K, 65% used [0x00000000c0000000,0x00000000c6b25098,0x00000000ca380000)
 Metaspace       used 74589K, committed 75904K, reserved 1179648K
  class space    used 7673K, committed 8256K, reserved 1048576K
}

