# JRE version: OpenJDK Runtime Environment Temurin-17.0.9+9 (17.0.9+9) (build 17.0.9+9)
# Java VM: OpenJDK 64-Bit Server VM Temurin-17.0.9+9 (17.0.9+9, mixed mode, emulated-client, tiered, compressed oops, compressed class ptrs, g1 gc, windows-amd64)
GC Precious Log:
 CPUs: 8 total, 8 available
 Memory: 7810M
 Large Page Support: Disabled
 NUMA Support: Disabled
 Compressed Oops: Enabled (32-bit)
 Heap Region Size: 1M
 Heap Min Capacity: 8M
 Heap Initial Capacity: 124M
 Heap Max Capacity: 1G
 Pre-touch: Disabled
 Parallel Workers: 8
 Concurrent Workers: 2
 Concurrent Refinement Workers: 8
 Periodic GC: Disabled
Heap:
 garbage-first heap   total 71680K, used 22025K [0x00000000c0000000, 0x0000000100000000)
  region size 1024K, 1 young (1024K), 0 survivors (0K)
 Metaspace       used 38385K, committed 38976K, reserved 1114112K
  class space    used 5043K, committed 5248K, reserved 1048576K
GC Heap History (20 events):
Event: 11246.156 GC heap before
{Heap before GC invocations=927 (full 918):
 garbage-first heap   total 71680K, used 22025K [0x00000000c0000000, 0x0000000100000000)
  region size 1024K, 1 young (1024K), 0 survivors (0K)
 Metaspace       used 38385K, committed 38976K, reserved 1114112K
  class space    used 5043K, committed 5248K, reserved 1048576K
}
Event: 11246.179 GC heap after
{Heap after GC invocations=928 (full 919):
 garbage-first heap   total 71680K, used 22025K [0x00000000c0000000, 0x0000000100000000)
  region size 1024K, 0 young (0K), 0 survivors (0K)
 Metaspace       used 38385K, committed 38976K, reserved 1114112K
  class space    used 5043K, committed 5248K, reserved 1048576K
}
Event: 11258.748 GC heap before
{Heap before GC invocations=928 (full 919):
 garbage-first heap   total 71680K, used 22025K [0x00000000c0000000, 0x0000000100000000)
  region size 1024K, 1 young (1024K), 0 survivors (0K)
 Metaspace       used 38385K, committed 38976K, reserved 1114112K
  class space    used 5043K, committed 5248K, reserved 1048576K
}
Event: 11258.776 GC heap after
{Heap after GC invocations=929 (full 920):
 garbage-first heap   total 71680K, used 22025K [0x00000000c0000000, 0x0000000100000000)
  region size 1024K, 0 young (0K), 0 survivors (0K)
 Metaspace       used 38385K, committed 38976K, reserved 1114112K
  class space    used 5043K, committed 5248K, reserved 1048576K
}
Event: 11271.920 GC heap before
{Heap before GC invocations=929 (full 920):
 garbage-first heap   total 71680K, used 22025K [0x00000000c0000000, 0x0000000100000000)
  region size 1024K, 1 young (1024K), 0 survivors (0K)
 Metaspace       used 38385K, committed 38976K, reserved 1114112K
  class space    used 5043K, committed 5248K, reserved 1048576K
}
Event: 11271.948 GC heap after
{Heap after GC invocations=930 (full 921):
 garbage-first heap   total 71680K, used 22025K [0x00000000c0000000, 0x0000000100000000)
  region size 1024K, 0 young (0K), 0 survivors (0K)
 Metaspace       used 38385K, committed 38976K, reserved 1114112K
  class space    used 5043K, committed 5248K, reserved 1048576K
}
Event: 11284.488 GC heap before
{Heap before GC invocations=930 (full 921):
 garbage-first heap   total 71680K, used 22025K [0x00000000c0000000, 0x0000000100000000)
  region size 1024K, 1 young (1024K), 0 survivors (0K)
 Metaspace       used 38385K, committed 38976K, reserved 1114112K
  class space    used 5043K, committed 5248K, reserved 1048576K
}
Event: 11284.515 GC heap after
{Heap after GC invocations=931 (full 922):
 garbage-first heap   total 71680K, used 22025K [0x00000000c0000000, 0x0000000100000000)
  region size 1024K, 0 young (0K), 0 survivors (0K)
 Metaspace       used 38385K, committed 38976K, reserved 1114112K
  class space    used 5043K, committed 5248K, reserved 1048576K
}
Event: 11297.207 GC heap before
{Heap before GC invocations=931 (full 922):
 garbage-first heap   total 71680K, used 22025K [0x00000000c0000000, 0x0000000100000000)
  region size 1024K, 1 young (1024K), 0 survivors (0K)
 Metaspace       used 38385K, committed 38976K, reserved 1114112K
  class space    used 5043K, committed 5248K, reserved 1048576K
}
Event: 11297.229 GC heap after
{Heap after GC invocations=932 (full 923):
 garbage-first heap   total 71680K, used 22025K [0x00000000c0000000, 0x0000000100000000)
  region size 1024K, 0 young (0K), 0 survivors (0K)
 Metaspace       used 38385K, committed 38976K, reserved 1114112K
  class space    used 5043K, committed 5248K, reserved 1048576K
}
Event: 11310.239 GC heap before
{Heap before GC invocations=932 (full 923):
 garbage-first heap   total 71680K, used 22025K [0x00000000c0000000, 0x0000000100000000)
  region size 1024K, 1 young (1024K), 0 survivors (0K)
 Metaspace       used 38385K, committed 38976K, reserved 1114112K
  class space    used 5043K, committed 5248K, reserved 1048576K
}
Event: 11310.264 GC heap after
{Heap after GC invocations=933 (full 924):
 garbage-first heap   total 71680K, used 22025K [0x00000000c0000000, 0x0000000100000000)
  region size 1024K, 0 young (0K), 0 survivors (0K)
 Metaspace       used 38385K, committed 38976K, reserved 1114112K
  class space    used 5043K, committed 5248K, reserved 1048576K
}
Event: 11322.921 GC heap before
{Heap before GC invocations=933 (full 924):
 garbage-first heap   total 71680K, used 22025K [0x00000000c0000000, 0x0000000100000000)
  region size 1024K, 1 young (1024K), 0 survivors (0K)
 Metaspace       used 38385K, committed 38976K, reserved 1114112K
  class space    used 5043K, committed 5248K, reserved 1048576K
}
Event: 11322.944 GC heap after
{Heap after GC invocations=934 (full 925):
 garbage-first heap   total 71680K, used 22025K [0x00000000c0000000, 0x0000000100000000)
  region size 1024K, 0 young (0K), 0 survivors (0K)
 Metaspace       used 38385K, committed 38976K, reserved 1114112K
  class space    used 5043K, committed 5248K, reserved 1048576K
}
Event: 11336.087 GC heap before
{Heap before GC invocations=934 (full 925):
 garbage-first heap   total 71680K, used 22025K [0x00000000c0000000, 0x0000000100000000)
  region size 1024K, 1 young (1024K), 0 survivors (0K)
 Metaspace       used 38385K, committed 38976K, reserved 1114112K
  class space    used 5043K, committed 5248K, reserved 1048576K
}
Event: 11336.115 GC heap after
{Heap after GC invocations=935 (full 926):
 garbage-first heap   total 71680K, used 22025K [0x00000000c0000000, 0x0000000100000000)
  region size 1024K, 0 young (0K), 0 survivors (0K)
 Metaspace       used 38385K, committed 38976K, reserved 1114112K
  class space    used 5043K, committed 5248K, reserved 1048576K
}
Event: 11348.632 GC heap before
{Heap before GC invocations=935 (full 926):
 garbage-first heap   total 71680K, used 22025K [0x00000000c0000000, 0x0000000100000000)
  region size 1024K, 1 young (1024K), 0 survivors (0K)
 Metaspace       used 38385K, committed 38976K, reserved 1114112K
  class space    used 5043K, committed 5248K, reserved 1048576K
}
Event: 11348.656 GC heap after
{Heap after GC invocations=936 (full 927):
 garbage-first heap   total 71680K, used 22025K [0x00000000c0000000, 0x0000000100000000)
  region size 1024K, 0 young (0K), 0 survivors (0K)
 Metaspace       used 38385K, committed 38976K, reserved 1114112K
  class space    used 5043K, committed 5248K, reserved 1048576K
}
Event: 11361.173 GC heap before
{Heap before GC invocations=936 (full 927):
 garbage-first heap   total 71680K, used 22025K [0x00000000c0000000, 0x0000000100000000)
  region size 1024K, 1 young (1024K), 0 survivors (0K)
 Metaspace       used 38385K, committed 38976K, reserved 1114112K
  class space    used 5043K, committed 5248K, reserved 1048576K
}
Event: 11361.198 GC heap after
{Heap after GC invocations=937 (full 928):
 garbage-first heap   total 71680K, used 22025K [0x00000000c0000000, 0x0000000100000000)
  region size 1024K, 0 young (0K), 0 survivors (0K)
 Metaspace       used 38385K, committed 38976K, reserved 1114112K
  class space    used 5043K, committed 5248K, reserved 1048576K
}

