# JRE version: OpenJDK Runtime Environment Temurin-17.0.9+9 (17.0.9+9) (build 17.0.9+9)
# Java VM: OpenJDK 64-Bit Server VM Temurin-17.0.9+9 (17.0.9+9, mixed mode, emulated-client, tiered, compressed oops, compressed class ptrs, g1 gc, windows-amd64)
GC Precious Log:
 CPUs: 8 total, 8 available
 Memory: 7810M
 Large Page Support: Disabled
 NUMA Support: Disabled
 Compressed Oops: Enabled (32-bit)
 Heap Region Size: 1M
 Heap Min Capacity: 8M
 Heap Initial Capacity: 124M
 Heap Max Capacity: 1G
 Pre-touch: Disabled
 Parallel Workers: 8
 Concurrent Workers: 2
 Concurrent Refinement Workers: 8
 Periodic GC: Disabled
Heap:
 garbage-first heap   total 75776K, used 21919K [0x00000000c0000000, 0x0000000100000000)
  region size 1024K, 1 young (1024K), 0 survivors (0K)
 Metaspace       used 37464K, committed 37952K, reserved 1114112K
  class space    used 4857K, committed 5056K, reserved 1048576K
GC Heap History (20 events):
Event: 1246.510 GC heap before
{Heap before GC invocations=107 (full 99):
 garbage-first heap   total 75776K, used 21919K [0x00000000c0000000, 0x0000000100000000)
  region size 1024K, 1 young (1024K), 0 survivors (0K)
 Metaspace       used 37464K, committed 37952K, reserved 1114112K
  class space    used 4857K, committed 5056K, reserved 1048576K
}
Event: 1246.548 GC heap after
{Heap after GC invocations=108 (full 100):
 garbage-first heap   total 75776K, used 21919K [0x00000000c0000000, 0x0000000100000000)
  region size 1024K, 0 young (0K), 0 survivors (0K)
 Metaspace       used 37464K, committed 37952K, reserved 1114112K
  class space    used 4857K, committed 5056K, reserved 1048576K
}
Event: 1258.534 GC heap before
{Heap before GC invocations=108 (full 100):
 garbage-first heap   total 75776K, used 21919K [0x00000000c0000000, 0x0000000100000000)
  region size 1024K, 1 young (1024K), 0 survivors (0K)
 Metaspace       used 37464K, committed 37952K, reserved 1114112K
  class space    used 4857K, committed 5056K, reserved 1048576K
}
Event: 1258.571 GC heap after
{Heap after GC invocations=109 (full 101):
 garbage-first heap   total 75776K, used 21919K [0x00000000c0000000, 0x0000000100000000)
  region size 1024K, 0 young (0K), 0 survivors (0K)
 Metaspace       used 37464K, committed 37952K, reserved 1114112K
  class space    used 4857K, committed 5056K, reserved 1048576K
}
Event: 1270.592 GC heap before
{Heap before GC invocations=109 (full 101):
 garbage-first heap   total 75776K, used 21919K [0x00000000c0000000, 0x0000000100000000)
  region size 1024K, 1 young (1024K), 0 survivors (0K)
 Metaspace       used 37464K, committed 37952K, reserved 1114112K
  class space    used 4857K, committed 5056K, reserved 1048576K
}
Event: 1270.617 GC heap after
{Heap after GC invocations=110 (full 102):
 garbage-first heap   total 75776K, used 21919K [0x00000000c0000000, 0x0000000100000000)
  region size 1024K, 0 young (0K), 0 survivors (0K)
 Metaspace       used 37464K, committed 37952K, reserved 1114112K
  class space    used 4857K, committed 5056K, reserved 1048576K
}
Event: 1282.644 GC heap before
{Heap before GC invocations=110 (full 102):
 garbage-first heap   total 75776K, used 21919K [0x00000000c0000000, 0x0000000100000000)
  region size 1024K, 1 young (1024K), 0 survivors (0K)
 Metaspace       used 37464K, committed 37952K, reserved 1114112K
  class space    used 4857K, committed 5056K, reserved 1048576K
}
Event: 1282.683 GC heap after
{Heap after GC invocations=111 (full 103):
 garbage-first heap   total 75776K, used 21919K [0x00000000c0000000, 0x0000000100000000)
  region size 1024K, 0 young (0K), 0 survivors (0K)
 Metaspace       used 37464K, committed 37952K, reserved 1114112K
  class space    used 4857K, committed 5056K, reserved 1048576K
}
Event: 1294.629 GC heap before
{Heap before GC invocations=111 (full 103):
 garbage-first heap   total 75776K, used 21919K [0x00000000c0000000, 0x0000000100000000)
  region size 1024K, 1 young (1024K), 0 survivors (0K)
 Metaspace       used 37464K, committed 37952K, reserved 1114112K
  class space    used 4857K, committed 5056K, reserved 1048576K
}
Event: 1294.671 GC heap after
{Heap after GC invocations=112 (full 104):
 garbage-first heap   total 75776K, used 21919K [0x00000000c0000000, 0x0000000100000000)
  region size 1024K, 0 young (0K), 0 survivors (0K)
 Metaspace       used 37464K, committed 37952K, reserved 1114112K
  class space    used 4857K, committed 5056K, reserved 1048576K
}
Event: 1306.660 GC heap before
{Heap before GC invocations=112 (full 104):
 garbage-first heap   total 75776K, used 21919K [0x00000000c0000000, 0x0000000100000000)
  region size 1024K, 1 young (1024K), 0 survivors (0K)
 Metaspace       used 37464K, committed 37952K, reserved 1114112K
  class space    used 4857K, committed 5056K, reserved 1048576K
}
Event: 1306.683 GC heap after
{Heap after GC invocations=113 (full 105):
 garbage-first heap   total 75776K, used 21919K [0x00000000c0000000, 0x0000000100000000)
  region size 1024K, 0 young (0K), 0 survivors (0K)
 Metaspace       used 37464K, committed 37952K, reserved 1114112K
  class space    used 4857K, committed 5056K, reserved 1048576K
}
Event: 1318.722 GC heap before
{Heap before GC invocations=113 (full 105):
 garbage-first heap   total 75776K, used 21919K [0x00000000c0000000, 0x0000000100000000)
  region size 1024K, 1 young (1024K), 0 survivors (0K)
 Metaspace       used 37464K, committed 37952K, reserved 1114112K
  class space    used 4857K, committed 5056K, reserved 1048576K
}
Event: 1318.761 GC heap after
{Heap after GC invocations=114 (full 106):
 garbage-first heap   total 75776K, used 21919K [0x00000000c0000000, 0x0000000100000000)
  region size 1024K, 0 young (0K), 0 survivors (0K)
 Metaspace       used 37464K, committed 37952K, reserved 1114112K
  class space    used 4857K, committed 5056K, reserved 1048576K
}
Event: 1330.710 GC heap before
{Heap before GC invocations=114 (full 106):
 garbage-first heap   total 75776K, used 21919K [0x00000000c0000000, 0x0000000100000000)
  region size 1024K, 1 young (1024K), 0 survivors (0K)
 Metaspace       used 37464K, committed 37952K, reserved 1114112K
  class space    used 4857K, committed 5056K, reserved 1048576K
}
Event: 1330.743 GC heap after
{Heap after GC invocations=115 (full 107):
 garbage-first heap   total 75776K, used 21919K [0x00000000c0000000, 0x0000000100000000)
  region size 1024K, 0 young (0K), 0 survivors (0K)
 Metaspace       used 37464K, committed 37952K, reserved 1114112K
  class space    used 4857K, committed 5056K, reserved 1048576K
}
Event: 1342.933 GC heap before
{Heap before GC invocations=115 (full 107):
 garbage-first heap   total 75776K, used 21919K [0x00000000c0000000, 0x0000000100000000)
  region size 1024K, 1 young (1024K), 0 survivors (0K)
 Metaspace       used 37464K, committed 37952K, reserved 1114112K
  class space    used 4857K, committed 5056K, reserved 1048576K
}
Event: 1342.968 GC heap after
{Heap after GC invocations=116 (full 108):
 garbage-first heap   total 75776K, used 21919K [0x00000000c0000000, 0x0000000100000000)
  region size 1024K, 0 young (0K), 0 survivors (0K)
 Metaspace       used 37464K, committed 37952K, reserved 1114112K
  class space    used 4857K, committed 5056K, reserved 1048576K
}
Event: 1355.389 GC heap before
{Heap before GC invocations=116 (full 108):
 garbage-first heap   total 75776K, used 21919K [0x00000000c0000000, 0x0000000100000000)
  region size 1024K, 1 young (1024K), 0 survivors (0K)
 Metaspace       used 37464K, committed 37952K, reserved 1114112K
  class space    used 4857K, committed 5056K, reserved 1048576K
}
Event: 1355.550 GC heap after
{Heap after GC invocations=117 (full 109):
 garbage-first heap   total 75776K, used 21919K [0x00000000c0000000, 0x0000000100000000)
  region size 1024K, 0 young (0K), 0 survivors (0K)
 Metaspace       used 37464K, committed 37952K, reserved 1114112K
  class space    used 4857K, committed 5056K, reserved 1048576K
}

