# JRE version: OpenJDK Runtime Environment Temurin-17.0.8.1+1 (17.0.8.1+1) (build 17.0.8.1+1)
# Java VM: OpenJDK 64-Bit Server VM Temurin-17.0.8.1+1 (17.0.8.1+1, mixed mode, emulated-client, tiered, compressed oops, compressed class ptrs, g1 gc, windows-amd64)
GC Precious Log:
 CPUs: 8 total, 8 available
 Memory: 7810M
 Large Page Support: Disabled
 NUMA Support: Disabled
 Compressed Oops: Enabled (32-bit)
 Heap Region Size: 1M
 Heap Min Capacity: 8M
 Heap Initial Capacity: 124M
 Heap Max Capacity: 1G
 Pre-touch: Disabled
 Parallel Workers: 8
 Concurrent Workers: 2
 Concurrent Refinement Workers: 8
 Periodic GC: Disabled
Heap:
 garbage-first heap   total 65536K, used 19640K [0x00000000c0000000, 0x0000000100000000)
  region size 1024K, 1 young (1024K), 0 survivors (0K)
 Metaspace       used 43726K, committed 44160K, reserved 1114112K
  class space    used 5719K, committed 5952K, reserved 1048576K
GC Heap History (20 events):
Event: 193824.638 GC heap before
{Heap before GC invocations=1233 (full 743):
 garbage-first heap   total 65536K, used 19611K [0x00000000c0000000, 0x0000000100000000)
  region size 1024K, 1 young (1024K), 0 survivors (0K)
 Metaspace       used 43716K, committed 44160K, reserved 1114112K
  class space    used 5717K, committed 5952K, reserved 1048576K
}
Event: 193824.664 GC heap after
{Heap after GC invocations=1234 (full 744):
 garbage-first heap   total 65536K, used 19611K [0x00000000c0000000, 0x0000000100000000)
  region size 1024K, 0 young (0K), 0 survivors (0K)
 Metaspace       used 43716K, committed 44160K, reserved 1114112K
  class space    used 5717K, committed 5952K, reserved 1048576K
}
Event: 193835.206 GC heap before
{Heap before GC invocations=1234 (full 744):
 garbage-first heap   total 65536K, used 19611K [0x00000000c0000000, 0x0000000100000000)
  region size 1024K, 1 young (1024K), 0 survivors (0K)
 Metaspace       used 43716K, committed 44160K, reserved 1114112K
  class space    used 5717K, committed 5952K, reserved 1048576K
}
Event: 193835.232 GC heap after
{Heap after GC invocations=1235 (full 745):
 garbage-first heap   total 65536K, used 19611K [0x00000000c0000000, 0x0000000100000000)
  region size 1024K, 0 young (0K), 0 survivors (0K)
 Metaspace       used 43716K, committed 44160K, reserved 1114112K
  class space    used 5717K, committed 5952K, reserved 1048576K
}
Event: 193845.721 GC heap before
{Heap before GC invocations=1235 (full 745):
 garbage-first heap   total 65536K, used 19611K [0x00000000c0000000, 0x0000000100000000)
  region size 1024K, 1 young (1024K), 0 survivors (0K)
 Metaspace       used 43716K, committed 44160K, reserved 1114112K
  class space    used 5717K, committed 5952K, reserved 1048576K
}
Event: 193845.747 GC heap after
{Heap after GC invocations=1236 (full 746):
 garbage-first heap   total 65536K, used 19611K [0x00000000c0000000, 0x0000000100000000)
  region size 1024K, 0 young (0K), 0 survivors (0K)
 Metaspace       used 43716K, committed 44160K, reserved 1114112K
  class space    used 5717K, committed 5952K, reserved 1048576K
}
Event: 193856.385 GC heap before
{Heap before GC invocations=1236 (full 746):
 garbage-first heap   total 65536K, used 19611K [0x00000000c0000000, 0x0000000100000000)
  region size 1024K, 1 young (1024K), 0 survivors (0K)
 Metaspace       used 43716K, committed 44160K, reserved 1114112K
  class space    used 5717K, committed 5952K, reserved 1048576K
}
Event: 193856.412 GC heap after
{Heap after GC invocations=1237 (full 747):
 garbage-first heap   total 65536K, used 19611K [0x00000000c0000000, 0x0000000100000000)
  region size 1024K, 0 young (0K), 0 survivors (0K)
 Metaspace       used 43716K, committed 44160K, reserved 1114112K
  class space    used 5717K, committed 5952K, reserved 1048576K
}
Event: 193867.373 GC heap before
{Heap before GC invocations=1237 (full 747):
 garbage-first heap   total 65536K, used 19611K [0x00000000c0000000, 0x0000000100000000)
  region size 1024K, 1 young (1024K), 0 survivors (0K)
 Metaspace       used 43716K, committed 44160K, reserved 1114112K
  class space    used 5717K, committed 5952K, reserved 1048576K
}
Event: 193867.408 GC heap after
{Heap after GC invocations=1238 (full 748):
 garbage-first heap   total 65536K, used 19611K [0x00000000c0000000, 0x0000000100000000)
  region size 1024K, 0 young (0K), 0 survivors (0K)
 Metaspace       used 43716K, committed 44160K, reserved 1114112K
  class space    used 5717K, committed 5952K, reserved 1048576K
}
Event: 193878.595 GC heap before
{Heap before GC invocations=1238 (full 748):
 garbage-first heap   total 65536K, used 19611K [0x00000000c0000000, 0x0000000100000000)
  region size 1024K, 1 young (1024K), 0 survivors (0K)
 Metaspace       used 43716K, committed 44160K, reserved 1114112K
  class space    used 5717K, committed 5952K, reserved 1048576K
}
Event: 193878.621 GC heap after
{Heap after GC invocations=1239 (full 749):
 garbage-first heap   total 65536K, used 19611K [0x00000000c0000000, 0x0000000100000000)
  region size 1024K, 0 young (0K), 0 survivors (0K)
 Metaspace       used 43716K, committed 44160K, reserved 1114112K
  class space    used 5717K, committed 5952K, reserved 1048576K
}
Event: 193889.666 GC heap before
{Heap before GC invocations=1239 (full 749):
 garbage-first heap   total 65536K, used 19611K [0x00000000c0000000, 0x0000000100000000)
  region size 1024K, 1 young (1024K), 0 survivors (0K)
 Metaspace       used 43716K, committed 44160K, reserved 1114112K
  class space    used 5717K, committed 5952K, reserved 1048576K
}
Event: 193889.695 GC heap after
{Heap after GC invocations=1240 (full 750):
 garbage-first heap   total 65536K, used 19611K [0x00000000c0000000, 0x0000000100000000)
  region size 1024K, 0 young (0K), 0 survivors (0K)
 Metaspace       used 43716K, committed 44160K, reserved 1114112K
  class space    used 5717K, committed 5952K, reserved 1048576K
}
Event: 193900.903 GC heap before
{Heap before GC invocations=1240 (full 750):
 garbage-first heap   total 65536K, used 19611K [0x00000000c0000000, 0x0000000100000000)
  region size 1024K, 1 young (1024K), 0 survivors (0K)
 Metaspace       used 43716K, committed 44160K, reserved 1114112K
  class space    used 5717K, committed 5952K, reserved 1048576K
}
Event: 193900.936 GC heap after
{Heap after GC invocations=1241 (full 751):
 garbage-first heap   total 65536K, used 19611K [0x00000000c0000000, 0x0000000100000000)
  region size 1024K, 0 young (0K), 0 survivors (0K)
 Metaspace       used 43716K, committed 44160K, reserved 1114112K
  class space    used 5717K, committed 5952K, reserved 1048576K
}
Event: 193912.695 GC heap before
{Heap before GC invocations=1241 (full 751):
 garbage-first heap   total 65536K, used 19611K [0x00000000c0000000, 0x0000000100000000)
  region size 1024K, 1 young (1024K), 0 survivors (0K)
 Metaspace       used 43716K, committed 44160K, reserved 1114112K
  class space    used 5717K, committed 5952K, reserved 1048576K
}
Event: 193912.740 GC heap after
{Heap after GC invocations=1242 (full 752):
 garbage-first heap   total 65536K, used 19611K [0x00000000c0000000, 0x0000000100000000)
  region size 1024K, 0 young (0K), 0 survivors (0K)
 Metaspace       used 43716K, committed 44160K, reserved 1114112K
  class space    used 5717K, committed 5952K, reserved 1048576K
}
Event: 193924.077 GC heap before
{Heap before GC invocations=1242 (full 752):
 garbage-first heap   total 65536K, used 19611K [0x00000000c0000000, 0x0000000100000000)
  region size 1024K, 1 young (1024K), 0 survivors (0K)
 Metaspace       used 43726K, committed 44160K, reserved 1114112K
  class space    used 5719K, committed 5952K, reserved 1048576K
}
Event: 193924.108 GC heap after
{Heap after GC invocations=1243 (full 753):
 garbage-first heap   total 65536K, used 19640K [0x00000000c0000000, 0x0000000100000000)
  region size 1024K, 0 young (0K), 0 survivors (0K)
 Metaspace       used 43726K, committed 44160K, reserved 1114112K
  class space    used 5719K, committed 5952K, reserved 1048576K
}

